[05-Apr-2023 05:24:48 UTC] デバッグ:======================================
[05-Apr-2023 05:24:48 UTC] デバッグ:ログインページ
[05-Apr-2023 05:24:48 UTC] デバッグ:＝＝＝＝＝＝＝＝＝＝＝＝＝＝＝＝＝＝＝＝＝＝＝
[05-Apr-2023 05:24:48 UTC] デバッグ:>>>>>>>>>>>>>>>>>>>>>>>>画面表示処理開始
[05-Apr-2023 05:24:48 UTC] デバッグ:セッションID：gra8gdm2sjsr1b4cqm9cd4vs47
[05-Apr-2023 05:24:48 UTC] デバッグ:セッション変数の中身：Array
(
    [login_date] => 1680670232
    [login_limit] => 3600
    [user_id] => 24
    [msg_success] => 
)

[05-Apr-2023 05:24:48 UTC] デバッグ:現在日時タイムスタンプ：1680672288
[05-Apr-2023 05:24:48 UTC] デバッグ:ログイン期限日時タイムスタンプ：1680673832
[05-Apr-2023 05:24:49 UTC] デバッグ:==================================================
[05-Apr-2023 05:24:49 UTC] デバッグ:マイページ
[05-Apr-2023 05:24:49 UTC] デバッグ:==================================================
[05-Apr-2023 05:24:49 UTC] デバッグ:>>>>>>>>>>>>>>>>>>>>>>>>画面表示処理開始
[05-Apr-2023 05:24:49 UTC] デバッグ:セッションID：05o7nolkfbehgt22qnq2lprr35
[05-Apr-2023 05:24:49 UTC] デバッグ:セッション変数の中身：Array
(
    [login_date] => 1680670232
    [login_limit] => 3600
    [user_id] => 24
    [msg_success] => 
)

[05-Apr-2023 05:24:49 UTC] デバッグ:現在日時タイムスタンプ：1680672289
[05-Apr-2023 05:24:49 UTC] デバッグ:ログイン期限日時タイムスタンプ：1680673832
[05-Apr-2023 05:24:49 UTC] デバッグ:ログイン済ユーザーです
[05-Apr-2023 05:24:49 UTC] デバッグ:ログイン有効期限以内です
[05-Apr-2023 05:24:49 UTC] デバッグ:自分の商品情報を取得します
[05-Apr-2023 05:24:49 UTC] デバッグ:ユーザーID：24
[05-Apr-2023 05:24:49 UTC] デバッグ:クエリ成功
[05-Apr-2023 05:24:49 UTC] デバッグ:自分のmsg情報を取得します。
[05-Apr-2023 05:24:49 UTC] デバッグ:クエリ成功
[05-Apr-2023 05:24:49 UTC] デバッグ:クエリ成功
[05-Apr-2023 05:24:49 UTC] デバッグ:クエリ成功
[05-Apr-2023 05:24:49 UTC] デバッグ:クエリ成功
[05-Apr-2023 05:24:49 UTC] デバッグ:クエリ成功
[05-Apr-2023 05:24:49 UTC] デバッグ:クエリ成功
[05-Apr-2023 05:24:49 UTC] デバッグ:クエリ成功
[05-Apr-2023 05:24:49 UTC] デバッグ:自分のお気に入り情報を取得します
[05-Apr-2023 05:24:49 UTC] デバッグ:ユーザーID:24
[05-Apr-2023 05:24:49 UTC] デバッグ:クエリ成功
[05-Apr-2023 05:24:49 UTC] デバッグ:取得した商品データ：Array
(
    [0] => Array
        (
            [id] => 90
            [name] => MAZDA３　
            [category_id] => 1
            [comment] => matda3　ファストバックの赤です
            [price] => 2000000
            [pic1] => uploads/53a45caf40f058c48aa85b4103ef33a59ec16cf9.jpeg
            [pic2] => uploads/a41c372cdf40f97b3e84e0e3bd9f2427a33a4c89.jpeg
            [pic3] => uploads/41ed01af32704b44fdf73e9d98afb2367e722cb4.jpeg
            [user_id] => 24
            [delete_flg] => 0
            [create_date] => 2020-12-06 03:12:21
            [update_date] => 2020-12-06 12:12:21
        )

    [1] => Array
        (
            [id] => 91
            [name] => CX-5
            [category_id] => 2
            [comment] => 黒になります！
            [price] => 3000000
            [pic1] => uploads/be481030f0a8cef2ae13eed2e96e6468c86f2cb8.jpeg
            [pic2] => uploads/048366a9aa9ecc1bbf2df31d9d71dda46ab25af7.jpeg
            [pic3] => uploads/bcd7e38853494b4c80ef4f7cd51762397a86231b.jpeg
            [user_id] => 24
            [delete_flg] => 0
            [create_date] => 2020-12-06 03:13:52
            [update_date] => 2020-12-06 12:13:52
        )

    [2] => Array
        (
            [id] => 92
            [name] => N-box
            [category_id] => 3
            [comment] => 白になります！
            [price] => 1500000
            [pic1] => uploads/459692ce09663d4adecaefce7249789b22774035.jpeg
            [pic2] => uploads/5997a29dc0e77861ffef0fd64d7aa8b608ec2624.jpeg
            [pic3] => uploads/fd56387ba4b9eb40d7bc928bf3d2c79044378e2a.jpeg
            [user_id] => 24
            [delete_flg] => 0
            [create_date] => 2020-12-06 03:15:35
            [update_date] => 2020-12-06 12:15:35
        )

)

[05-Apr-2023 05:24:49 UTC] デバッグ:取得した掲示板データ：Array
(
    [0] => Array
        (
            [id] => 26
            [username] => 吉田　摩耶
            [age] => 21
            [tel] => 03002342222
            [zip] => 8503333
            [addr] => 宮崎県宮崎市
            [email] => 222222@gmail.com
            [password] => $2y$10$LkDphzuwmSAyFOL57Zuvs.MjA1MrY4RbMnwHvizKdS8tN.RbS.U7q
            [login_time] => 2020-12-06 05:54:08
            [pic] => uploads/33c0e5d3779abcdf722e6843e6a096a52f5094a9.jpeg
            [delete_flg] => 0
            [create_date] => 2023-04-05 04:55:21
            [updeta_dete] => 2020-12-06 14:54:08
            [sale_user] => 26
            [buy_user] => 24
            [product_id] => 104
            [update_date] => 2023-04-05 13:55:21
            [msg] => Array
                (
                    [0] => Array
                        (
                            [id] => 30
                            [bord_id] => 26
                            [send_date] => 2023-04-05 04:55:33
                            [to_user] => 26
                            [from_user] => 24
                            [msg] => これもどうでしょうか？
                            [delete_flg] => 0
                            [create_date] => 2023-04-05 04:55:33
                            [update_date] => 2023-04-05 13:55:33
                        )

                )

        )

    [1] => Array
        (
            [id] => 24
            [username] => 永田　敬人
            [age] => 22
            [tel] => 03049596843
            [zip] => 8501234
            [addr] => 福岡県福岡市
            [email] => 111111@gmail.com
            [password] => $2y$10$NrOJMtYkB95trfe0HxwFW.lsp6JUeDapIrHAHEW2wZa2Aifddv.2e
            [login_time] => 2020-12-06 03:46:02
            [pic] => uploads/3648f50a7ee5bb070ecf13bb0e31f3081564e0c4.jpeg
            [delete_flg] => 0
            [create_date] => 2023-04-05 04:51:05
            [updeta_dete] => 2020-12-06 12:46:02
            [sale_user] => 25
            [buy_user] => 24
            [product_id] => 95
            [update_date] => 2023-04-05 13:51:05
            [msg] => Array
                (
                    [0] => Array
                        (
                            [id] => 26
                            [bord_id] => 24
                            [send_date] => 2023-04-05 04:51:22
                            [to_user] => 25
                            [from_user] => 24
                            [msg] => 急ぎです
                            [delete_flg] => 0
                            [create_date] => 2023-04-05 04:51:22
                            [update_date] => 2023-04-05 13:51:22
                        )

                    [1] => Array
                        (
                            [id] => 25
                            [bord_id] => 24
                            [send_date] => 2023-04-05 04:51:16
                            [to_user] => 25
                            [from_user] => 24
                            [msg] => 購入できますか？
                            [delete_flg] => 0
                            [create_date] => 2023-04-05 04:51:16
                            [update_date] => 2023-04-05 13:51:16
                        )

                )

        )

    [2] => Array
        (
            [id] => 23
            [username] => 吉田　摩耶
            [age] => 21
            [tel] => 03002342222
            [zip] => 8503333
            [addr] => 宮崎県宮崎市
            [email] => 222222@gmail.com
            [password] => $2y$10$LkDphzuwmSAyFOL57Zuvs.MjA1MrY4RbMnwHvizKdS8tN.RbS.U7q
            [login_time] => 2020-12-06 05:54:08
            [pic] => uploads/33c0e5d3779abcdf722e6843e6a096a52f5094a9.jpeg
            [delete_flg] => 0
            [create_date] => 2022-02-07 08:04:20
            [updeta_dete] => 2020-12-06 14:54:08
            [sale_user] => 26
            [buy_user] => 24
            [product_id] => 102
            [update_date] => 2022-02-07 17:04:20
            [msg] => Array
                (
                    [0] => Array
                        (
                            [id] => 27
                            [bord_id] => 23
                            [send_date] => 2023-04-05 04:52:43
                            [to_user] => 26
                            [from_user] => 24
                            [msg] => ああああ
                            [delete_flg] => 0
                            [create_date] => 2023-04-05 04:52:43
                            [update_date] => 2023-04-05 13:52:43
                        )

                    [1] => Array
                        (
                            [id] => 24
                            [bord_id] => 23
                            [send_date] => 2022-02-07 08:04:31
                            [to_user] => 26
                            [from_user] => 24
                            [msg] => 購入したい
                            [delete_flg] => 0
                            [create_date] => 2022-02-07 08:04:31
                            [update_date] => 2022-02-07 17:04:31
                        )

                )

        )

    [3] => Array
        (
            [id] => 21
            [username] => 永田　敬人
            [age] => 22
            [tel] => 03049596843
            [zip] => 8501234
            [addr] => 福岡県福岡市
            [email] => 111111@gmail.com
            [password] => $2y$10$NrOJMtYkB95trfe0HxwFW.lsp6JUeDapIrHAHEW2wZa2Aifddv.2e
            [login_time] => 2020-12-06 03:46:02
            [pic] => uploads/3648f50a7ee5bb070ecf13bb0e31f3081564e0c4.jpeg
            [delete_flg] => 0
            [create_date] => 2020-12-07 04:19:55
            [updeta_dete] => 2020-12-06 12:46:02
            [sale_user] => 25
            [buy_user] => 24
            [product_id] => 98
            [update_date] => 2020-12-07 13:19:55
            [msg] => Array
                (
                    [0] => Array
                        (
                            [id] => 31
                            [bord_id] => 21
                            [send_date] => 2023-04-05 05:03:09
                            [to_user] => 25
                            [from_user] => 24
                            [msg] => いかがですか？
                            [delete_flg] => 0
                            [create_date] => 2023-04-05 05:03:09
                            [update_date] => 2023-04-05 14:03:09
                        )

                    [1] => Array
                        (
                            [id] => 19
                            [bord_id] => 21
                            [send_date] => 2020-12-07 04:20:32
                            [to_user] => 25
                            [from_user] => 24
                            [msg] => こちらの商品は値下げ交渉可能でしょうか？
                            [delete_flg] => 0
                            [create_date] => 2020-12-07 04:20:32
                            [update_date] => 2020-12-07 13:20:32
                        )

                )

        )

    [4] => Array
        (
            [id] => 20
            [username] => 永田　敬人
            [age] => 22
            [tel] => 03049596843
            [zip] => 8501234
            [addr] => 福岡県福岡市
            [email] => 111111@gmail.com
            [password] => $2y$10$NrOJMtYkB95trfe0HxwFW.lsp6JUeDapIrHAHEW2wZa2Aifddv.2e
            [login_time] => 2020-12-06 03:46:02
            [pic] => uploads/3648f50a7ee5bb070ecf13bb0e31f3081564e0c4.jpeg
            [delete_flg] => 0
            [create_date] => 2020-12-07 04:19:06
            [updeta_dete] => 2020-12-06 12:46:02
            [sale_user] => 25
            [buy_user] => 24
            [product_id] => 95
            [update_date] => 2020-12-07 13:19:06
            [msg] => Array
                (
                    [0] => Array
                        (
                            [id] => 32
                            [bord_id] => 20
                            [send_date] => 2023-04-05 05:04:45
                            [to_user] => 25
                            [from_user] => 24
                            [msg] => どうですか？
                            [delete_flg] => 0
                            [create_date] => 2023-04-05 05:04:45
                            [update_date] => 2023-04-05 14:04:45
                        )

                    [1] => Array
                        (
                            [id] => 18
                            [bord_id] => 20
                            [send_date] => 2020-12-07 04:19:39
                            [to_user] => 25
                            [from_user] => 24
                            [msg] => 検討しています。165万に値下げ交渉可能でしょうか？
                            [delete_flg] => 0
                            [create_date] => 2020-12-07 04:19:39
                            [update_date] => 2020-12-07 13:19:39
                        )

                )

        )

    [5] => Array
        (
            [id] => 19
            [username] => 相田　輝
            [age] => 20
            [tel] => 03043214321
            [zip] => 8503212
            [addr] => 東京都
            [email] => 666666@gmail.com
            [password] => $2y$10$fQhPHkI9JY/P2HNwT9Na4.L2.fSMUGULd9WCpqQuoUwjXSvEUjueS
            [login_time] => 2020-12-07 01:38:13
            [pic] => uploads/46a35cfcf32027822b4faebc86a620cff71838ed.jpeg
            [delete_flg] => 0
            [create_date] => 2020-12-07 04:18:20
            [updeta_dete] => 2020-12-07 10:38:13
            [sale_user] => 30
            [buy_user] => 24
            [product_id] => 122
            [update_date] => 2020-12-07 13:18:20
            [msg] => Array
                (
                    [0] => Array
                        (
                            [id] => 22
                            [bord_id] => 19
                            [send_date] => 2022-01-27 07:02:57
                            [to_user] => 30
                            [from_user] => 24
                            [msg] => ご返信ありがとうございます、検討させていただきます
                            [delete_flg] => 0
                            [create_date] => 2022-01-27 07:02:57
                            [update_date] => 2022-01-27 16:02:57
                        )

                    [1] => Array
                        (
                            [id] => 21
                            [bord_id] => 19
                            [send_date] => 2020-12-07 04:24:25
                            [to_user] => 24
                            [from_user] => 30
                            [msg] => 値引きは考えていません。申し訳ないです。
                            [delete_flg] => 0
                            [create_date] => 2020-12-07 04:24:25
                            [update_date] => 2020-12-07 13:24:25
                        )

                    [2] => Array
                        (
                            [id] => 20
                            [bord_id] => 19
                            [send_date] => 2020-12-07 04:24:03
                            [to_user] => 24
                            [from_user] => 30
                            [msg] => ありがとうございます！
                            [delete_flg] => 0
                            [create_date] => 2020-12-07 04:24:03
                            [update_date] => 2020-12-07 13:24:03
                        )

                    [3] => Array
                        (
                            [id] => 17
                            [bord_id] => 19
                            [send_date] => 2020-12-07 04:18:54
                            [to_user] => 30
                            [from_user] => 24
                            [msg] => こちら購入希望です！値引き相談は可能でしょうか？
                            [delete_flg] => 0
                            [create_date] => 2020-12-07 04:18:54
                            [update_date] => 2020-12-07 13:18:54
                        )

                )

        )

)

[05-Apr-2023 05:24:49 UTC] デバッグ:取得したお気に入りデータ：Array
(
    [0] => Array
        (
            [product_id] => 95
            [user_id] => 25
            [delete_flg] => 0
            [create_date] => 2020-12-06 05:50:32
            [update_date] => 2020-12-06 14:50:32
            [id] => 95
            [name] => N-BOX
            [category_id] => 3
            [comment] => 新車になります✨
            [price] => 1700000
            [pic1] => uploads/76c30bf4f38dd40a7cafda84e77b04545a1ffb26.jpeg
            [pic2] => 
            [pic3] => 
        )

    [1] => Array
        (
            [product_id] => 91
            [user_id] => 24
            [delete_flg] => 0
            [create_date] => 2020-12-06 03:13:52
            [update_date] => 2020-12-06 12:13:52
            [id] => 91
            [name] => CX-5
            [category_id] => 2
            [comment] => 黒になります！
            [price] => 3000000
            [pic1] => uploads/be481030f0a8cef2ae13eed2e96e6468c86f2cb8.jpeg
            [pic2] => uploads/048366a9aa9ecc1bbf2df31d9d71dda46ab25af7.jpeg
            [pic3] => uploads/bcd7e38853494b4c80ef4f7cd51762397a86231b.jpeg
        )

    [2] => Array
        (
            [product_id] => 94
            [user_id] => 25
            [delete_flg] => 0
            [create_date] => 2020-12-06 05:48:45
            [update_date] => 2020-12-06 14:48:45
            [id] => 94
            [name] => CX-5 中古
            [category_id] => 2
            [comment] => ２年乗りの中古。
            [price] => 2600000
            [pic1] => uploads/47d51ad339832b6f20ccc76e95c4472a250356ac.jpeg
            [pic2] => uploads/ec820421c3267c99ab86facc2604f321b2c23596.jpeg
            [pic3] => 
        )

)

[05-Apr-2023 05:24:49 UTC] デバッグ:画面処理終了============================================
[05-Apr-2023 05:24:52 UTC] デバッグ:==========================================
[05-Apr-2023 05:24:52 UTC] デバッグ:連絡掲示板ページ
[05-Apr-2023 05:24:52 UTC] デバッグ:==========================================
[05-Apr-2023 05:24:52 UTC] デバッグ:>>>>>>>>>>>>>>>>>>>>>>>>画面表示処理開始
[05-Apr-2023 05:24:52 UTC] デバッグ:セッションID：1big996vviric4ra5ujin1nl56
[05-Apr-2023 05:24:52 UTC] デバッグ:セッション変数の中身：Array
(
    [login_date] => 1680670232
    [login_limit] => 3600
    [user_id] => 24
    [msg_success] => 
)

[05-Apr-2023 05:24:52 UTC] デバッグ:現在日時タイムスタンプ：1680672292
[05-Apr-2023 05:24:52 UTC] デバッグ:ログイン期限日時タイムスタンプ：1680673832
[05-Apr-2023 05:24:52 UTC] デバッグ:msg情報を取得します
[05-Apr-2023 05:24:52 UTC] デバッグ:掲示板ID:26
[05-Apr-2023 05:24:52 UTC] デバッグ:クエリ成功
[05-Apr-2023 05:24:52 UTC] デバッグ:取得したDB連絡掲示板データ：Array
(
    [0] => Array
        (
            [m_id] => 30
            [product_id] => 104
            [bord_id] => 26
            [send_date] => 2023-04-05 04:55:33
            [to_user] => 26
            [from_user] => 24
            [sale_user] => 26
            [buy_user] => 24
            [msg] => これもどうでしょうか？
            [create_date] => 2023-04-05 04:55:21
        )

)

[05-Apr-2023 05:24:52 UTC] デバッグ:商品情報を取得します
[05-Apr-2023 05:24:52 UTC] デバッグ:商品ID:104
[05-Apr-2023 05:24:52 UTC] デバッグ:クエリ成功
[05-Apr-2023 05:24:52 UTC] デバッグ:取得したDB商品データ：Array
(
    [id] => 104
    [name] => CX-5 中古
    [comment] => 中古価格です！
    [price] => 1900000
    [pic1] => uploads/b4ee4825401c20a1207e06d0ccc66dd1f4a357cf.jpeg
    [pic2] => 
    [pic3] => 
    [user_id] => 26
    [create_date] => 2020-12-06 06:09:19
    [update_date] => 2020-12-06 15:09:19
    [category] => CX-5
)

[05-Apr-2023 05:24:52 UTC] デバッグ:取得した相手のユーザーID：26
[05-Apr-2023 05:24:52 UTC] デバッグ:ユーザー情報を取得します。
[05-Apr-2023 05:24:52 UTC] デバッグ:クエリ成功
[05-Apr-2023 05:24:52 UTC] デバッグ:ユーザー情報を取得します。
[05-Apr-2023 05:24:52 UTC] デバッグ:クエリ成功
[05-Apr-2023 05:24:52 UTC] デバッグ:取得した相手のユーザーデータ：Array
(
    [id] => 26
    [username] => 吉田　摩耶
    [age] => 21
    [tel] => 03002342222
    [zip] => 8503333
    [addr] => 宮崎県宮崎市
    [email] => 222222@gmail.com
    [password] => $2y$10$LkDphzuwmSAyFOL57Zuvs.MjA1MrY4RbMnwHvizKdS8tN.RbS.U7q
    [login_time] => 2020-12-06 05:54:08
    [pic] => uploads/33c0e5d3779abcdf722e6843e6a096a52f5094a9.jpeg
    [delete_flg] => 0
    [create_date] => 2020-12-06 05:54:08
    [updeta_dete] => 2020-12-06 14:54:08
)

[05-Apr-2023 05:24:52 UTC] デバッグ:画面表示処理終了＝＝＝＝＝＝＝＝＝＝＝＝＝＝＝＝＝＝＝＝＝＝＝
[05-Apr-2023 05:24:55 UTC] デバッグ:================================================
[05-Apr-2023 05:24:55 UTC] デバッグ:商品検索ページ
[05-Apr-2023 05:24:55 UTC] デバッグ:================================================
[05-Apr-2023 05:24:55 UTC] デバッグ:>>>>>>>>>>>>>>>>>>>>>>>>画面表示処理開始
[05-Apr-2023 05:24:55 UTC] デバッグ:セッションID：q0b6m1mednqin7ns5ia73dm84g
[05-Apr-2023 05:24:55 UTC] デバッグ:セッション変数の中身：Array
(
    [login_date] => 1680670232
    [login_limit] => 3600
    [user_id] => 24
    [msg_success] => 
)

[05-Apr-2023 05:24:55 UTC] デバッグ:現在日時タイムスタンプ：1680672295
[05-Apr-2023 05:24:55 UTC] デバッグ:ログイン期限日時タイムスタンプ：1680673832
[05-Apr-2023 05:24:55 UTC] デバッグ:商品情報を取得します
[05-Apr-2023 05:24:55 UTC] デバッグ:クエリ成功
[05-Apr-2023 05:24:55 UTC] デバッグ:総レコード数：86
[05-Apr-2023 05:24:55 UTC] デバッグ:総ページ数：5
[05-Apr-2023 05:24:55 UTC] デバッグ:SQL:SELECT * FROM product WHERE category_id = 1 LIMIT 20 OFFSET 0
[05-Apr-2023 05:24:55 UTC] デバッグ:クエリ成功
[05-Apr-2023 05:24:55 UTC] デバッグ:カテゴリー情報を取得します
[05-Apr-2023 05:24:55 UTC] デバッグ:クエリ成功
[05-Apr-2023 05:24:55 UTC] デバッグ:現在のページ：1
[05-Apr-2023 05:24:55 UTC] デバッグ:画面処理終了＜＜＜＜＜＜＜＜＜＜＜＜＜＜＜＜＜＜＜＜＜＜＜＜＜＜＜＜＜＜＜＜＜
[05-Apr-2023 05:24:56 UTC] デバッグ:========================================
[05-Apr-2023 05:24:56 UTC] デバッグ:商品詳細画面
[05-Apr-2023 05:24:56 UTC] デバッグ:========================================
[05-Apr-2023 05:24:56 UTC] デバッグ:>>>>>>>>>>>>>>>>>>>>>>>>画面表示処理開始
[05-Apr-2023 05:24:56 UTC] デバッグ:セッションID：hds98ohsdavq6oksi26l13tfkk
[05-Apr-2023 05:24:56 UTC] デバッグ:セッション変数の中身：Array
(
    [login_date] => 1680670232
    [login_limit] => 3600
    [user_id] => 24
    [msg_success] => 
)

[05-Apr-2023 05:24:56 UTC] デバッグ:現在日時タイムスタンプ：1680672296
[05-Apr-2023 05:24:56 UTC] デバッグ:ログイン期限日時タイムスタンプ：1680673832
[05-Apr-2023 05:24:56 UTC] デバッグ:商品情報を取得します
[05-Apr-2023 05:24:56 UTC] デバッグ:商品ID:96
[05-Apr-2023 05:24:56 UTC] デバッグ:クエリ成功
[05-Apr-2023 05:24:56 UTC] デバッグ:商品ID：96
[05-Apr-2023 05:24:56 UTC] デバッグ:画面処理終了＜＜＜＜＜＜＜＜＜＜＜＜＜＜＜＜＜＜＜＜＜＜＜＜＜＜
[05-Apr-2023 05:24:56 UTC] デバッグ:お気に入り登録を判別します
[05-Apr-2023 05:24:56 UTC] デバッグ:ユーザーID：24
[05-Apr-2023 05:24:56 UTC] デバッグ:商品ID：96
[05-Apr-2023 05:24:56 UTC] デバッグ:クエリ成功
[05-Apr-2023 05:24:56 UTC] デバッグ:お気に入り登録なし
[05-Apr-2023 05:24:59 UTC] デバッグ:=====================================
[05-Apr-2023 05:24:59 UTC] デバッグ: Ajax 
[05-Apr-2023 05:24:59 UTC] デバッグ:=====================================
[05-Apr-2023 05:24:59 UTC] デバッグ:>>>>>>>>>>>>>>>>>>>>>>>>画面表示処理開始
[05-Apr-2023 05:24:59 UTC] デバッグ:セッションID：a274lanlgocr1534kll0s0e27a
[05-Apr-2023 05:24:59 UTC] デバッグ:セッション変数の中身：Array
(
    [login_date] => 1680670232
    [login_limit] => 3600
    [user_id] => 24
    [msg_success] => 
)

[05-Apr-2023 05:24:59 UTC] デバッグ:現在日時タイムスタンプ：1680672299
[05-Apr-2023 05:24:59 UTC] デバッグ:ログイン期限日時タイムスタンプ：1680673832
[05-Apr-2023 05:24:59 UTC] デバッグ:ログイン済ユーザーです。
[05-Apr-2023 05:24:59 UTC] デバッグ:ログイン有効期限内です
[05-Apr-2023 05:24:59 UTC] デバッグ:POST送信があります
[05-Apr-2023 05:24:59 UTC] デバッグ:商品ID：96
[05-Apr-2023 05:24:59 UTC] デバッグ:クエリ成功
[05-Apr-2023 05:24:59 UTC] デバッグ:$resultCount
[05-Apr-2023 05:24:59 UTC] デバッグ:クエリ成功
[05-Apr-2023 05:24:59 UTC] デバッグ:Ajax処理完了＝＝＝＝＝＝＝＝＝＝＝＝＝＝＝＝＝＝＝＝
[05-Apr-2023 05:25:00 UTC] デバッグ:=====================================
[05-Apr-2023 05:25:00 UTC] デバッグ: Ajax 
[05-Apr-2023 05:25:00 UTC] デバッグ:=====================================
[05-Apr-2023 05:25:00 UTC] デバッグ:>>>>>>>>>>>>>>>>>>>>>>>>画面表示処理開始
[05-Apr-2023 05:25:00 UTC] デバッグ:セッションID：5ng44i5t6o27il5knjie84ajij
[05-Apr-2023 05:25:00 UTC] デバッグ:セッション変数の中身：Array
(
    [login_date] => 1680670232
    [login_limit] => 3600
    [user_id] => 24
    [msg_success] => 
)

[05-Apr-2023 05:25:00 UTC] デバッグ:現在日時タイムスタンプ：1680672300
[05-Apr-2023 05:25:00 UTC] デバッグ:ログイン期限日時タイムスタンプ：1680673832
[05-Apr-2023 05:25:00 UTC] デバッグ:ログイン済ユーザーです。
[05-Apr-2023 05:25:00 UTC] デバッグ:ログイン有効期限内です
[05-Apr-2023 05:25:00 UTC] デバッグ:POST送信があります
[05-Apr-2023 05:25:00 UTC] デバッグ:商品ID：96
[05-Apr-2023 05:25:00 UTC] デバッグ:クエリ成功
[05-Apr-2023 05:25:00 UTC] デバッグ:$resultCount
[05-Apr-2023 05:25:00 UTC] デバッグ:クエリ成功
[05-Apr-2023 05:25:00 UTC] デバッグ:Ajax処理完了＝＝＝＝＝＝＝＝＝＝＝＝＝＝＝＝＝＝＝＝
[05-Apr-2023 05:25:00 UTC] デバッグ:=====================================
[05-Apr-2023 05:25:00 UTC] デバッグ: Ajax 
[05-Apr-2023 05:25:00 UTC] デバッグ:=====================================
[05-Apr-2023 05:25:00 UTC] デバッグ:>>>>>>>>>>>>>>>>>>>>>>>>画面表示処理開始
[05-Apr-2023 05:25:00 UTC] デバッグ:セッションID：b4pb373cjo1a6kn0ijueik0k4h
[05-Apr-2023 05:25:00 UTC] デバッグ:セッション変数の中身：Array
(
    [login_date] => 1680670232
    [login_limit] => 3600
    [user_id] => 24
    [msg_success] => 
)

[05-Apr-2023 05:25:00 UTC] デバッグ:現在日時タイムスタンプ：1680672300
[05-Apr-2023 05:25:00 UTC] デバッグ:ログイン期限日時タイムスタンプ：1680673832
[05-Apr-2023 05:25:00 UTC] デバッグ:ログイン済ユーザーです。
[05-Apr-2023 05:25:00 UTC] デバッグ:ログイン有効期限内です
[05-Apr-2023 05:25:00 UTC] デバッグ:POST送信があります
[05-Apr-2023 05:25:00 UTC] デバッグ:商品ID：96
[05-Apr-2023 05:25:00 UTC] デバッグ:クエリ成功
[05-Apr-2023 05:25:00 UTC] デバッグ:$resultCount
[05-Apr-2023 05:25:00 UTC] デバッグ:クエリ成功
[05-Apr-2023 05:25:00 UTC] デバッグ:Ajax処理完了＝＝＝＝＝＝＝＝＝＝＝＝＝＝＝＝＝＝＝＝
[05-Apr-2023 05:25:03 UTC] デバッグ:==================================================
[05-Apr-2023 05:25:03 UTC] デバッグ:マイページ
[05-Apr-2023 05:25:03 UTC] デバッグ:==================================================
[05-Apr-2023 05:25:03 UTC] デバッグ:>>>>>>>>>>>>>>>>>>>>>>>>画面表示処理開始
[05-Apr-2023 05:25:03 UTC] デバッグ:セッションID：l23phagfkd4e7b1gfqk191tjhi
[05-Apr-2023 05:25:03 UTC] デバッグ:セッション変数の中身：Array
(
    [login_date] => 1680670232
    [login_limit] => 3600
    [user_id] => 24
    [msg_success] => 
)

[05-Apr-2023 05:25:03 UTC] デバッグ:現在日時タイムスタンプ：1680672303
[05-Apr-2023 05:25:03 UTC] デバッグ:ログイン期限日時タイムスタンプ：1680673832
[05-Apr-2023 05:25:03 UTC] デバッグ:ログイン済ユーザーです
[05-Apr-2023 05:25:03 UTC] デバッグ:ログイン有効期限以内です
[05-Apr-2023 05:25:03 UTC] デバッグ:自分の商品情報を取得します
[05-Apr-2023 05:25:03 UTC] デバッグ:ユーザーID：24
[05-Apr-2023 05:25:03 UTC] デバッグ:クエリ成功
[05-Apr-2023 05:25:03 UTC] デバッグ:自分のmsg情報を取得します。
[05-Apr-2023 05:25:03 UTC] デバッグ:クエリ成功
[05-Apr-2023 05:25:03 UTC] デバッグ:クエリ成功
[05-Apr-2023 05:25:03 UTC] デバッグ:クエリ成功
[05-Apr-2023 05:25:03 UTC] デバッグ:クエリ成功
[05-Apr-2023 05:25:03 UTC] デバッグ:クエリ成功
[05-Apr-2023 05:25:03 UTC] デバッグ:クエリ成功
[05-Apr-2023 05:25:03 UTC] デバッグ:クエリ成功
[05-Apr-2023 05:25:03 UTC] デバッグ:自分のお気に入り情報を取得します
[05-Apr-2023 05:25:03 UTC] デバッグ:ユーザーID:24
[05-Apr-2023 05:25:03 UTC] デバッグ:クエリ成功
[05-Apr-2023 05:25:03 UTC] デバッグ:取得した商品データ：Array
(
    [0] => Array
        (
            [id] => 90
            [name] => MAZDA３　
            [category_id] => 1
            [comment] => matda3　ファストバックの赤です
            [price] => 2000000
            [pic1] => uploads/53a45caf40f058c48aa85b4103ef33a59ec16cf9.jpeg
            [pic2] => uploads/a41c372cdf40f97b3e84e0e3bd9f2427a33a4c89.jpeg
            [pic3] => uploads/41ed01af32704b44fdf73e9d98afb2367e722cb4.jpeg
            [user_id] => 24
            [delete_flg] => 0
            [create_date] => 2020-12-06 03:12:21
            [update_date] => 2020-12-06 12:12:21
        )

    [1] => Array
        (
            [id] => 91
            [name] => CX-5
            [category_id] => 2
            [comment] => 黒になります！
            [price] => 3000000
            [pic1] => uploads/be481030f0a8cef2ae13eed2e96e6468c86f2cb8.jpeg
            [pic2] => uploads/048366a9aa9ecc1bbf2df31d9d71dda46ab25af7.jpeg
            [pic3] => uploads/bcd7e38853494b4c80ef4f7cd51762397a86231b.jpeg
            [user_id] => 24
            [delete_flg] => 0
            [create_date] => 2020-12-06 03:13:52
            [update_date] => 2020-12-06 12:13:52
        )

    [2] => Array
        (
            [id] => 92
            [name] => N-box
            [category_id] => 3
            [comment] => 白になります！
            [price] => 1500000
            [pic1] => uploads/459692ce09663d4adecaefce7249789b22774035.jpeg
            [pic2] => uploads/5997a29dc0e77861ffef0fd64d7aa8b608ec2624.jpeg
            [pic3] => uploads/fd56387ba4b9eb40d7bc928bf3d2c79044378e2a.jpeg
            [user_id] => 24
            [delete_flg] => 0
            [create_date] => 2020-12-06 03:15:35
            [update_date] => 2020-12-06 12:15:35
        )

)

[05-Apr-2023 05:25:03 UTC] デバッグ:取得した掲示板データ：Array
(
    [0] => Array
        (
            [id] => 26
            [username] => 吉田　摩耶
            [age] => 21
            [tel] => 03002342222
            [zip] => 8503333
            [addr] => 宮崎県宮崎市
            [email] => 222222@gmail.com
            [password] => $2y$10$LkDphzuwmSAyFOL57Zuvs.MjA1MrY4RbMnwHvizKdS8tN.RbS.U7q
            [login_time] => 2020-12-06 05:54:08
            [pic] => uploads/33c0e5d3779abcdf722e6843e6a096a52f5094a9.jpeg
            [delete_flg] => 0
            [create_date] => 2023-04-05 04:55:21
            [updeta_dete] => 2020-12-06 14:54:08
            [sale_user] => 26
            [buy_user] => 24
            [product_id] => 104
            [update_date] => 2023-04-05 13:55:21
            [msg] => Array
                (
                    [0] => Array
                        (
                            [id] => 30
                            [bord_id] => 26
                            [send_date] => 2023-04-05 04:55:33
                            [to_user] => 26
                            [from_user] => 24
                            [msg] => これもどうでしょうか？
                            [delete_flg] => 0
                            [create_date] => 2023-04-05 04:55:33
                            [update_date] => 2023-04-05 13:55:33
                        )

                )

        )

    [1] => Array
        (
            [id] => 24
            [username] => 永田　敬人
            [age] => 22
            [tel] => 03049596843
            [zip] => 8501234
            [addr] => 福岡県福岡市
            [email] => 111111@gmail.com
            [password] => $2y$10$NrOJMtYkB95trfe0HxwFW.lsp6JUeDapIrHAHEW2wZa2Aifddv.2e
            [login_time] => 2020-12-06 03:46:02
            [pic] => uploads/3648f50a7ee5bb070ecf13bb0e31f3081564e0c4.jpeg
            [delete_flg] => 0
            [create_date] => 2023-04-05 04:51:05
            [updeta_dete] => 2020-12-06 12:46:02
            [sale_user] => 25
            [buy_user] => 24
            [product_id] => 95
            [update_date] => 2023-04-05 13:51:05
            [msg] => Array
                (
                    [0] => Array
                        (
                            [id] => 26
                            [bord_id] => 24
                            [send_date] => 2023-04-05 04:51:22
                            [to_user] => 25
                            [from_user] => 24
                            [msg] => 急ぎです
                            [delete_flg] => 0
                            [create_date] => 2023-04-05 04:51:22
                            [update_date] => 2023-04-05 13:51:22
                        )

                    [1] => Array
                        (
                            [id] => 25
                            [bord_id] => 24
                            [send_date] => 2023-04-05 04:51:16
                            [to_user] => 25
                            [from_user] => 24
                            [msg] => 購入できますか？
                            [delete_flg] => 0
                            [create_date] => 2023-04-05 04:51:16
                            [update_date] => 2023-04-05 13:51:16
                        )

                )

        )

    [2] => Array
        (
            [id] => 23
            [username] => 吉田　摩耶
            [age] => 21
            [tel] => 03002342222
            [zip] => 8503333
            [addr] => 宮崎県宮崎市
            [email] => 222222@gmail.com
            [password] => $2y$10$LkDphzuwmSAyFOL57Zuvs.MjA1MrY4RbMnwHvizKdS8tN.RbS.U7q
            [login_time] => 2020-12-06 05:54:08
            [pic] => uploads/33c0e5d3779abcdf722e6843e6a096a52f5094a9.jpeg
            [delete_flg] => 0
            [create_date] => 2022-02-07 08:04:20
            [updeta_dete] => 2020-12-06 14:54:08
            [sale_user] => 26
            [buy_user] => 24
            [product_id] => 102
            [update_date] => 2022-02-07 17:04:20
            [msg] => Array
                (
                    [0] => Array
                        (
                            [id] => 27
                            [bord_id] => 23
                            [send_date] => 2023-04-05 04:52:43
                            [to_user] => 26
                            [from_user] => 24
                            [msg] => ああああ
                            [delete_flg] => 0
                            [create_date] => 2023-04-05 04:52:43
                            [update_date] => 2023-04-05 13:52:43
                        )

                    [1] => Array
                        (
                            [id] => 24
                            [bord_id] => 23
                            [send_date] => 2022-02-07 08:04:31
                            [to_user] => 26
                            [from_user] => 24
                            [msg] => 購入したい
                            [delete_flg] => 0
                            [create_date] => 2022-02-07 08:04:31
                            [update_date] => 2022-02-07 17:04:31
                        )

                )

        )

    [3] => Array
        (
            [id] => 21
            [username] => 永田　敬人
            [age] => 22
            [tel] => 03049596843
            [zip] => 8501234
            [addr] => 福岡県福岡市
            [email] => 111111@gmail.com
            [password] => $2y$10$NrOJMtYkB95trfe0HxwFW.lsp6JUeDapIrHAHEW2wZa2Aifddv.2e
            [login_time] => 2020-12-06 03:46:02
            [pic] => uploads/3648f50a7ee5bb070ecf13bb0e31f3081564e0c4.jpeg
            [delete_flg] => 0
            [create_date] => 2020-12-07 04:19:55
            [updeta_dete] => 2020-12-06 12:46:02
            [sale_user] => 25
            [buy_user] => 24
            [product_id] => 98
            [update_date] => 2020-12-07 13:19:55
            [msg] => Array
                (
                    [0] => Array
                        (
                            [id] => 31
                            [bord_id] => 21
                            [send_date] => 2023-04-05 05:03:09
                            [to_user] => 25
                            [from_user] => 24
                            [msg] => いかがですか？
                            [delete_flg] => 0
                            [create_date] => 2023-04-05 05:03:09
                            [update_date] => 2023-04-05 14:03:09
                        )

                    [1] => Array
                        (
                            [id] => 19
                            [bord_id] => 21
                            [send_date] => 2020-12-07 04:20:32
                            [to_user] => 25
                            [from_user] => 24
                            [msg] => こちらの商品は値下げ交渉可能でしょうか？
                            [delete_flg] => 0
                            [create_date] => 2020-12-07 04:20:32
                            [update_date] => 2020-12-07 13:20:32
                        )

                )

        )

    [4] => Array
        (
            [id] => 20
            [username] => 永田　敬人
            [age] => 22
            [tel] => 03049596843
            [zip] => 8501234
            [addr] => 福岡県福岡市
            [email] => 111111@gmail.com
            [password] => $2y$10$NrOJMtYkB95trfe0HxwFW.lsp6JUeDapIrHAHEW2wZa2Aifddv.2e
            [login_time] => 2020-12-06 03:46:02
            [pic] => uploads/3648f50a7ee5bb070ecf13bb0e31f3081564e0c4.jpeg
            [delete_flg] => 0
            [create_date] => 2020-12-07 04:19:06
            [updeta_dete] => 2020-12-06 12:46:02
            [sale_user] => 25
            [buy_user] => 24
            [product_id] => 95
            [update_date] => 2020-12-07 13:19:06
            [msg] => Array
                (
                    [0] => Array
                        (
                            [id] => 32
                            [bord_id] => 20
                            [send_date] => 2023-04-05 05:04:45
                            [to_user] => 25
                            [from_user] => 24
                            [msg] => どうですか？
                            [delete_flg] => 0
                            [create_date] => 2023-04-05 05:04:45
                            [update_date] => 2023-04-05 14:04:45
                        )

                    [1] => Array
                        (
                            [id] => 18
                            [bord_id] => 20
                            [send_date] => 2020-12-07 04:19:39
                            [to_user] => 25
                            [from_user] => 24
                            [msg] => 検討しています。165万に値下げ交渉可能でしょうか？
                            [delete_flg] => 0
                            [create_date] => 2020-12-07 04:19:39
                            [update_date] => 2020-12-07 13:19:39
                        )

                )

        )

    [5] => Array
        (
            [id] => 19
            [username] => 相田　輝
            [age] => 20
            [tel] => 03043214321
            [zip] => 8503212
            [addr] => 東京都
            [email] => 666666@gmail.com
            [password] => $2y$10$fQhPHkI9JY/P2HNwT9Na4.L2.fSMUGULd9WCpqQuoUwjXSvEUjueS
            [login_time] => 2020-12-07 01:38:13
            [pic] => uploads/46a35cfcf32027822b4faebc86a620cff71838ed.jpeg
            [delete_flg] => 0
            [create_date] => 2020-12-07 04:18:20
            [updeta_dete] => 2020-12-07 10:38:13
            [sale_user] => 30
            [buy_user] => 24
            [product_id] => 122
            [update_date] => 2020-12-07 13:18:20
            [msg] => Array
                (
                    [0] => Array
                        (
                            [id] => 22
                            [bord_id] => 19
                            [send_date] => 2022-01-27 07:02:57
                            [to_user] => 30
                            [from_user] => 24
                            [msg] => ご返信ありがとうございます、検討させていただきます
                            [delete_flg] => 0
                            [create_date] => 2022-01-27 07:02:57
                            [update_date] => 2022-01-27 16:02:57
                        )

                    [1] => Array
                        (
                            [id] => 21
                            [bord_id] => 19
                            [send_date] => 2020-12-07 04:24:25
                            [to_user] => 24
                            [from_user] => 30
                            [msg] => 値引きは考えていません。申し訳ないです。
                            [delete_flg] => 0
                            [create_date] => 2020-12-07 04:24:25
                            [update_date] => 2020-12-07 13:24:25
                        )

                    [2] => Array
                        (
                            [id] => 20
                            [bord_id] => 19
                            [send_date] => 2020-12-07 04:24:03
                            [to_user] => 24
                            [from_user] => 30
                            [msg] => ありがとうございます！
                            [delete_flg] => 0
                            [create_date] => 2020-12-07 04:24:03
                            [update_date] => 2020-12-07 13:24:03
                        )

                    [3] => Array
                        (
                            [id] => 17
                            [bord_id] => 19
                            [send_date] => 2020-12-07 04:18:54
                            [to_user] => 30
                            [from_user] => 24
                            [msg] => こちら購入希望です！値引き相談は可能でしょうか？
                            [delete_flg] => 0
                            [create_date] => 2020-12-07 04:18:54
                            [update_date] => 2020-12-07 13:18:54
                        )

                )

        )

)

[05-Apr-2023 05:25:03 UTC] デバッグ:取得したお気に入りデータ：Array
(
    [0] => Array
        (
            [product_id] => 95
            [user_id] => 25
            [delete_flg] => 0
            [create_date] => 2020-12-06 05:50:32
            [update_date] => 2020-12-06 14:50:32
            [id] => 95
            [name] => N-BOX
            [category_id] => 3
            [comment] => 新車になります✨
            [price] => 1700000
            [pic1] => uploads/76c30bf4f38dd40a7cafda84e77b04545a1ffb26.jpeg
            [pic2] => 
            [pic3] => 
        )

    [1] => Array
        (
            [product_id] => 91
            [user_id] => 24
            [delete_flg] => 0
            [create_date] => 2020-12-06 03:13:52
            [update_date] => 2020-12-06 12:13:52
            [id] => 91
            [name] => CX-5
            [category_id] => 2
            [comment] => 黒になります！
            [price] => 3000000
            [pic1] => uploads/be481030f0a8cef2ae13eed2e96e6468c86f2cb8.jpeg
            [pic2] => uploads/048366a9aa9ecc1bbf2df31d9d71dda46ab25af7.jpeg
            [pic3] => uploads/bcd7e38853494b4c80ef4f7cd51762397a86231b.jpeg
        )

    [2] => Array
        (
            [product_id] => 94
            [user_id] => 25
            [delete_flg] => 0
            [create_date] => 2020-12-06 05:48:45
            [update_date] => 2020-12-06 14:48:45
            [id] => 94
            [name] => CX-5 中古
            [category_id] => 2
            [comment] => ２年乗りの中古。
            [price] => 2600000
            [pic1] => uploads/47d51ad339832b6f20ccc76e95c4472a250356ac.jpeg
            [pic2] => uploads/ec820421c3267c99ab86facc2604f321b2c23596.jpeg
            [pic3] => 
        )

    [3] => Array
        (
            [product_id] => 96
            [user_id] => 25
            [delete_flg] => 0
            [create_date] => 2020-12-06 05:51:26
            [update_date] => 2020-12-06 14:51:26
            [id] => 96
            [name] => MAZDA３　
            [category_id] => 1
            [comment] => 中古車
            [price] => 2300000
            [pic1] => uploads/11d44371a0ae2f543e1d28ee615b680bfa46c84c.jpeg
            [pic2] => 
            [pic3] => 
        )

)

[05-Apr-2023 05:25:03 UTC] デバッグ:画面処理終了============================================
